<?xml version="1.0" encoding="UTF-8"?>
<testng-results ignored="0" total="1" passed="1" failed="0" skipped="0">
  <reporter-output>
  </reporter-output>
  <suite started-at="2024-08-22T22:15:42 IST" name="Default suite" finished-at="2024-08-22T22:16:03 IST" duration-ms="20580">
    <groups>
    </groups>
    <test started-at="2024-08-22T22:15:42 IST" name="Default test" finished-at="2024-08-22T22:16:03 IST" duration-ms="20580">
      <class name="orangeHRM.Logout">
        <test-method is-config="true" signature="setup()[pri:0, instance:orangeHRM.Logout@1de5f259]" started-at="2024-08-22T22:15:42 IST" name="setup" finished-at="2024-08-22T22:15:50 IST" duration-ms="7924" status="PASS">
          <reporter-output>
          </reporter-output>
        </test-method> <!-- setup -->
        <test-method signature="login()[pri:0, instance:orangeHRM.Logout@1de5f259]" started-at="2024-08-22T22:15:50 IST" name="login" finished-at="2024-08-22T22:15:52 IST" duration-ms="1718" status="PASS">
          <reporter-output>
          </reporter-output>
        </test-method> <!-- login -->
        <test-method is-config="true" signature="teardown()[pri:0, instance:orangeHRM.Logout@1de5f259]" started-at="2024-08-22T22:15:52 IST" name="teardown" finished-at="2024-08-22T22:16:03 IST" duration-ms="10906" status="PASS">
          <reporter-output>
          </reporter-output>
        </test-method> <!-- teardown -->
      </class> <!-- orangeHRM.Logout -->
    </test> <!-- Default test -->
  </suite> <!-- Default suite -->
</testng-results>
